<?xml version="1.0" encoding="UTF-8"?>
<!-- Generated by org.testng.reporters.JUnitXMLReporter -->
<testsuite ignored="2" hostname="IN-PG02NKDN" failures="0" tests="1" name="Default test" time="8.024" errors="0" timestamp="2022-02-17T16:48:28 IST">
  <testcase classname="com.qa.opencart.tests.AccountPageTest" name="acctHomePageTitleTest" time="0.052"/>
  <testcase classname="com.qa.opencart.tests.AccountPageTest" name="acctPageHeaderListTest" time="0.0">
    <ignored/>
  </testcase> <!-- acctPageHeaderListTest -->
  <testcase classname="com.qa.opencart.tests.AccountPageTest" name="acctPageHeaderCountTest" time="0.0">
    <ignored/>
  </testcase> <!-- acctPageHeaderCountTest -->
</testsuite> <!-- Default test -->
