<?xml version="1.0" encoding="UTF-8"?>
<!-- Generated by org.testng.reporters.JUnitXMLReporter -->
<testsuite ignored="0" hostname="IN-PG02NKDN" failures="0" tests="3" name="Test" time="7.67" errors="0" timestamp="2022-02-15T16:52:06 IST">
  <testcase classname="com.qa.opencart.tests.AccountPageTest" name="acctHomePageTitleTest" time="0.021"/>
  <testcase classname="com.qa.opencart.tests.AccountPageTest" name="acctPageHeaderCountTest" time="0.023"/>
  <testcase classname="com.qa.opencart.tests.AccountPageTest" name="acctPageHeaderListTest" time="0.055"/>
</testsuite> <!-- Test -->
