<?xml version="1.0" encoding="UTF-8"?>
<!-- Generated by org.testng.reporters.JUnitXMLReporter -->
<testsuite ignored="0" hostname="IN-PG02NKDN" failures="0" tests="3" name="Test 2" time="6.858" errors="0" timestamp="2022-02-15T16:52:13 IST">
  <testcase classname="com.qa.opencart.tests.LoginPageTest" name="loginPageTitleTest" time="0.01"/>
  <testcase classname="com.qa.opencart.tests.LoginPageTest" name="forgotPasswordLinkTest" time="0.06"/>
  <testcase classname="com.qa.opencart.tests.LoginPageTest" name="doLoginTest" time="2.949"/>
</testsuite> <!-- Test 2 -->
