<?xml version="1.0" encoding="UTF-8"?>
<testng-results ignored="2" total="3" passed="1" failed="0" skipped="0">
  <reporter-output>
  </reporter-output>
  <suite started-at="2022-02-17T16:48:20 IST" name="Default suite" finished-at="2022-02-17T16:48:28 IST" duration-ms="8024">
    <groups>
    </groups>
    <test started-at="2022-02-17T16:48:20 IST" name="Default test" finished-at="2022-02-17T16:48:28 IST" duration-ms="8024">
      <class name="com.qa.opencart.tests.AccountPageTest">
        <test-method is-config="true" signature="setUp()[pri:0, instance:com.qa.opencart.tests.AccountPageTest@2453f95d]" started-at="2022-02-17T16:48:20 IST" name="setUp" finished-at="2022-02-17T16:48:24 IST" duration-ms="3614" status="PASS">
          <reporter-output>
          </reporter-output>
        </test-method> <!-- setUp -->
        <test-method is-config="true" signature="acctSetUp()[pri:0, instance:com.qa.opencart.tests.AccountPageTest@2453f95d]" started-at="2022-02-17T16:48:24 IST" name="acctSetUp" finished-at="2022-02-17T16:48:27 IST" duration-ms="3246" status="PASS">
          <reporter-output>
          </reporter-output>
        </test-method> <!-- acctSetUp -->
        <test-method signature="acctHomePageTitleTest()[pri:1, instance:com.qa.opencart.tests.AccountPageTest@2453f95d]" started-at="2022-02-17T16:48:27 IST" name="acctHomePageTitleTest" finished-at="2022-02-17T16:48:27 IST" duration-ms="52" status="PASS">
          <reporter-output>
          </reporter-output>
        </test-method> <!-- acctHomePageTitleTest -->
        <test-method is-config="true" signature="tearDown()[pri:0, instance:com.qa.opencart.tests.AccountPageTest@2453f95d]" started-at="2022-02-17T16:48:27 IST" name="tearDown" finished-at="2022-02-17T16:48:28 IST" duration-ms="1054" status="PASS">
          <reporter-output>
          </reporter-output>
        </test-method> <!-- tearDown -->
      </class> <!-- com.qa.opencart.tests.AccountPageTest -->
    </test> <!-- Default test -->
  </suite> <!-- Default suite -->
</testng-results>
